\BOOKMARK [1][-]{section.1}{\376\377\000E\000i\000n\000f\000\374\000h\000r\000u\000n\000g}{}% 1
\BOOKMARK [1][-]{section.2}{\376\377\000N\000o\000t\000a\000t\000i\000o\000n\000\040\000u\000n\000d\000\040\000B\000e\000g\000r\000i\000f\000f\000l\000i\000c\000h\000k\000e\000i\000t\000e\000n}{}% 2
\BOOKMARK [2][-]{subsection.2.1}{\376\377\000N\000o\000t\000a\000t\000i\000o\000n}{section.2}% 3
\BOOKMARK [3][-]{subsubsection.2.1.1}{\376\377\000\050\000T\000e\000i\000l\000-\000\051\000F\000o\000l\000g\000e\000n}{subsection.2.1}% 4
\BOOKMARK [3][-]{subsubsection.2.1.2}{\376\377\000G\000e\000w\000i\000c\000h\000t\000u\000n\000g\000e\000n}{subsection.2.1}% 5
\BOOKMARK [3][-]{subsubsection.2.1.3}{\376\377\000'\000R\000e\000c\000h\000t\000e\000c\000k\000'}{subsection.2.1}% 6
\BOOKMARK [2][-]{subsection.2.2}{\376\377\000B\000e\000g\000r\000i\000f\000f\000e\000\040\000u\000n\000d\000\040\000D\000a\000t\000e\000n\000s\000t\000r\000u\000k\000t\000u\000r\000e\000n}{section.2}% 7
\BOOKMARK [3][-]{subsubsection.2.2.1}{\376\377\000L\000e\000e\000r\000e\000s\000\040\000O\000b\000j\000e\000k\000t\000\040\000'\000\370\000'}{subsection.2.2}% 8
\BOOKMARK [3][-]{subsubsection.2.2.2}{\376\377\000\050\000g\000e\000o\000r\000d\000n\000e\000t\000e\000\051\000\040\000L\000i\000s\000t\000e}{subsection.2.2}% 9
\BOOKMARK [3][-]{subsubsection.2.2.3}{\376\377\000F\000e\000n\000w\000i\000c\000k\000\040\000T\000r\000e\000e\000\040\000\050\000B\000i\000n\000a\000r\000y\000\040\000I\000n\000d\000e\000x\000e\000d\000\040\000T\000r\000e\000e\000\051}{subsection.2.2}% 10
\BOOKMARK [1][-]{section.3}{\376\377\000D\000y\000n\000a\000m\000i\000s\000c\000h\000\040\000p\000r\000o\000g\000r\000a\000m\000m\000i\000e\000r\000t\000e\000r\000\040\000A\000l\000g\000o\000r\000i\000t\000h\000m\000u\000s\000\040\000d\000y\000n\000a\000m\000i\000s\000c\000h}{}% 11
\BOOKMARK [2][-]{subsection.3.1}{\376\377\000H\000e\000r\000l\000e\000i\000t\000u\000n\000g}{section.3}% 12
\BOOKMARK [2][-]{subsection.3.2}{\376\377\000A\000l\000g\000o\000r\000i\000t\000h\000m\000u\000s}{section.3}% 13
\BOOKMARK [2][-]{subsection.3.3}{\376\377\000K\000o\000r\000r\000e\000k\000t\000h\000e\000i\000t}{section.3}% 14
\BOOKMARK [2][-]{subsection.3.4}{\376\377\000L\000a\000u\000f\000z\000e\000i\000t\000a\000n\000a\000l\000y\000s\000e}{section.3}% 15
\BOOKMARK [1][-]{section.4}{\376\377\000H\000I\000S\000\040\000a\000l\000s\000\040\000S\000o\000n\000d\000e\000r\000f\000a\000l\000l\000\040\000d\000e\000s\000\040\000G\000e\000n\000o\000m\000v\000e\000r\000g\000l\000e\000i\000c\000h\000s\000\040\000o\000h\000l\000e\000b\000u\000s\000c\000h}{}% 16
\BOOKMARK [2][-]{subsection.4.1}{\376\377\000H\000e\000r\000l\000e\000i\000t\000u\000n\000g}{section.4}% 17
\BOOKMARK [2][-]{subsection.4.2}{\376\377\000e\000r\000s\000t\000e\000\040\000F\000o\000r\000m\000u\000l\000i\000e\000r\000u\000n\000g\000\040\000e\000i\000n\000e\000s\000\040\000A\000l\000g\000o\000r\000i\000t\000h\000m\000u\000s\000'}{section.4}% 18
\BOOKMARK [2][-]{subsection.4.3}{\376\377\000A\000n\000w\000e\000n\000d\000u\000n\000g\000\040\000a\000u\000f\000\040\000d\000e\000n\000\040\000H\000I\000S}{section.4}% 19
\BOOKMARK [2][-]{subsection.4.4}{\376\377\000V\000e\000r\000g\000l\000e\000i\000c\000h}{section.4}% 20
\BOOKMARK [1][-]{section.5}{\376\377\000I\000m\000p\000l\000e\000m\000e\000n\000t\000i\000e\000r\000u\000n\000g\000\040\000u\000n\000d\000\040\000B\000e\000u\000r\000t\000e\000i\000l\000u\000n\000g}{}% 21
\BOOKMARK [2][-]{subsection.5.1}{\376\377\000D\000a\000t\000e\000n\000s\000t\000r\000u\000k\000t\000u\000r\000e\000n}{section.5}% 22
\BOOKMARK [3][-]{subsubsection.5.1.1}{\376\377\000s\000o\000r\000t\000i\000e\000r\000t\000e\000\040\000L\000i\000s\000t\000e\000\040\000\050\000s\000o\000r\000t\000e\000d\000\040\000l\000i\000n\000k\000e\000d\000\040\000l\000i\000s\000t\000\051}{subsection.5.1}% 23
\BOOKMARK [3][-]{subsubsection.5.1.2}{\376\377\000F\000e\000n\000w\000i\000c\000k\000\040\000T\000r\000e\000e\000\040\000\050\000F\000T\000\051\000\040\000f\000e\000n\000w\000i\000c\000k}{subsection.5.1}% 24
\BOOKMARK [2][-]{subsection.5.2}{\376\377\000P\000r\000o\000g\000r\000a\000m\000m\000i\000e\000r\000u\000n\000g}{section.5}% 25
\BOOKMARK [2][-]{subsection.5.3}{\376\377\000L\000a\000u\000f\000z\000e\000i\000t\000e\000n\000v\000e\000r\000g\000l\000e\000i\000c\000h}{section.5}% 26
\BOOKMARK [1][-]{section.6}{\376\377\000S\000c\000h\000l\000u\000s\000s\000f\000o\000l\000g\000e\000r\000u\000n\000g\000e\000n}{}% 27
